<?xml version="1.0" encoding="UTF-8"?>
<!-- Generated by org.testng.reporters.JUnitReportReporter -->
<testsuite hostname="pw1etsquas022bv" name="testrunner.TestRunner" tests="1" failures="0" timestamp="25 Aug 2023 09:50:31 GMT" time="42.763" errors="0">
  <testcase name="feature" time="42.763" classname="testrunner.TestRunner"/>
</testsuite> <!-- testrunner.TestRunner -->
